2025-07-02 14:38:57.415971: I tensorflow/core/util/util.cc:169] oneDNN custom operations are on. You may see slightly different numerical results due to floating-point round-off errors from different computation orders. To turn them off, set the environment variable `TF_ENABLE_ONEDNN_OPTS=0`.
2025-07-02 14:38:57.419378: W tensorflow/stream_executor/platform/default/dso_loader.cc:64] Could not load dynamic library 'libcudart.so.11.0'; dlerror: libcudart.so.11.0: cannot open shared object file: No such file or directory; LD_LIBRARY_PATH: /usr/local/cuda-11.8/lib64:
2025-07-02 14:38:57.419415: I tensorflow/stream_executor/cuda/cudart_stub.cc:29] Ignore above cudart dlerror if you do not have a GPU set up on your machine.
2025-07-02 14:38:57.441440: I tensorflow/core/platform/cpu_feature_guard.cc:193] This TensorFlow binary is optimized with oneAPI Deep Neural Network Library (oneDNN) to use the following CPU instructions in performance-critical operations:  AVX2 AVX512F AVX512_VNNI AVX512_BF16 FMA
To enable them in other operations, rebuild TensorFlow with the appropriate compiler flags.
2025-07-02 14:38:57.472993: I tensorflow/stream_executor/cuda/cuda_gpu_executor.cc:961] could not open file to read NUMA node: /sys/bus/pci/devices/0000:01:00.0/numa_node
Your kernel may have been built without NUMA support.
2025-07-02 14:38:57.474137: W tensorflow/stream_executor/platform/default/dso_loader.cc:64] Could not load dynamic library 'libcudart.so.11.0'; dlerror: libcudart.so.11.0: cannot open shared object file: No such file or directory; LD_LIBRARY_PATH: /usr/local/cuda-11.8/lib64:
2025-07-02 14:38:57.475057: W tensorflow/stream_executor/platform/default/dso_loader.cc:64] Could not load dynamic library 'libcublas.so.11'; dlerror: libcublas.so.11: cannot open shared object file: No such file or directory; LD_LIBRARY_PATH: /usr/local/cuda-11.8/lib64:
2025-07-02 14:38:57.476035: W tensorflow/stream_executor/platform/default/dso_loader.cc:64] Could not load dynamic library 'libcublasLt.so.11'; dlerror: libcublasLt.so.11: cannot open shared object file: No such file or directory; LD_LIBRARY_PATH: /usr/local/cuda-11.8/lib64:
2025-07-02 14:38:57.476935: W tensorflow/stream_executor/platform/default/dso_loader.cc:64] Could not load dynamic library 'libcufft.so.10'; dlerror: libcufft.so.10: cannot open shared object file: No such file or directory; LD_LIBRARY_PATH: /usr/local/cuda-11.8/lib64:
2025-07-02 14:38:57.477889: W tensorflow/stream_executor/platform/default/dso_loader.cc:64] Could not load dynamic library 'libcurand.so.10'; dlerror: libcurand.so.10: cannot open shared object file: No such file or directory; LD_LIBRARY_PATH: /usr/local/cuda-11.8/lib64:
2025-07-02 14:38:57.478787: W tensorflow/stream_executor/platform/default/dso_loader.cc:64] Could not load dynamic library 'libcusolver.so.11'; dlerror: libcusolver.so.11: cannot open shared object file: No such file or directory; LD_LIBRARY_PATH: /usr/local/cuda-11.8/lib64:
2025-07-02 14:38:57.479663: W tensorflow/stream_executor/platform/default/dso_loader.cc:64] Could not load dynamic library 'libcusparse.so.11'; dlerror: libcusparse.so.11: cannot open shared object file: No such file or directory; LD_LIBRARY_PATH: /usr/local/cuda-11.8/lib64:
2025-07-02 14:38:57.480549: W tensorflow/stream_executor/platform/default/dso_loader.cc:64] Could not load dynamic library 'libcudnn.so.8'; dlerror: libcudnn.so.8: cannot open shared object file: No such file or directory; LD_LIBRARY_PATH: /usr/local/cuda-11.8/lib64:
2025-07-02 14:38:57.480573: W tensorflow/core/common_runtime/gpu/gpu_device.cc:1850] Cannot dlopen some GPU libraries. Please make sure the missing libraries mentioned above are installed properly if you would like to use GPU. Follow the guide at https://www.tensorflow.org/install/gpu for how to download and setup the required libraries for your platform.
Skipping registering GPU devices...

🎯 FINAL ML TRAINING - TARGET: 75%+ ACCURACY

📊 Loading ALL 47K+ games...
  Loaded 1000 / 47841 games...
  Loaded 2000 / 47841 games...
  Loaded 3000 / 47841 games...
  Loaded 4000 / 47841 games...
  Loaded 5000 / 47841 games...
  Loaded 6000 / 47841 games...
  Loaded 7000 / 47841 games...
  Loaded 8000 / 47841 games...
  Loaded 9000 / 47841 games...
  Loaded 10000 / 47841 games...
  Loaded 11000 / 47841 games...
  Loaded 12000 / 47841 games...
  Loaded 13000 / 47841 games...
  Loaded 14000 / 47841 games...
  Loaded 15000 / 47841 games...
  Loaded 16000 / 47841 games...
  Loaded 17000 / 47841 games...
  Loaded 18000 / 47841 games...
  Loaded 19000 / 47841 games...
  Loaded 20000 / 47841 games...
  Loaded 21000 / 47841 games...
  Loaded 22000 / 47841 games...
  Loaded 23000 / 47841 games...
  Loaded 24000 / 47841 games...
  Loaded 25000 / 47841 games...
  Loaded 26000 / 47841 games...
  Loaded 27000 / 47841 games...
  Loaded 28000 / 47841 games...
  Loaded 29000 / 47841 games...
  Loaded 30000 / 47841 games...
  Loaded 31000 / 47841 games...
  Loaded 32000 / 47841 games...
  Loaded 33000 / 47841 games...
  Loaded 34000 / 47841 games...
  Loaded 35000 / 47841 games...
  Loaded 36000 / 47841 games...
  Loaded 37000 / 47841 games...
  Loaded 38000 / 47841 games...
  Loaded 39000 / 47841 games...
  Loaded 40000 / 47841 games...
  Loaded 41000 / 47841 games...
  Loaded 42000 / 47841 games...
  Loaded 43000 / 47841 games...
  Loaded 44000 / 47841 games...
  Loaded 45000 / 47841 games...
  Loaded 46000 / 47841 games...
  Loaded 47000 / 47841 games...
  Loaded 47841 / 47841 games...
✅ LOADED 47841 GAMES!

🧠 Building smart features...
✅ Created 47841 training samples
✅ Train: 38272 | Val: 4784 | Test: 4785

🏗️ Building optimized model...

🚀 Training on ALL data...
Epoch 1 - loss: 2.9038 - acc: 49.78% - val_acc: 52.05% - best: 52.05%
Epoch 11 - loss: 0.7472 - acc: 50.95% - val_acc: 51.61% - best: 52.05%
Epoch 21 - loss: 0.6937 - acc: 51.31% - val_acc: 52.05% - best: 52.34%
Epoch 28 - loss: 0.6928 - acc: 51.31% - val_acc: 52.05% - best: 52.34%

Early stopping at epoch 28

🎯 FINAL TEST ACCURACY: 50.76%

🏆 TRAINING COMPLETE!
━━━━━━━━━━━━━━━━━━━━
📊 Total Games: 47841
🎯 Accuracy: 50.76%
⏱️  Time: 1.1 minutes
━━━━━━━━━━━━━━━━━━━━

⚠️  Below target, but best effort with current data

