🔥 DR. LUCEY'S ULTRA-PARALLEL COLLECTOR
CPU Cores: 12 | Target: 1,000 games/minute
============================================================
🔍 Phase 1: Identifying games...
Scanned 30,000 games...
📊 Found 5,000 games to process
⏱️  ETA: 5 minutes at 1,000 games/min

🏃 Phase 2: Pre-creating players...
Creating players for 32 teams...
✅ Created 384 players for 32 teams

🚀 Phase 3: ULTRA-PARALLEL PROCESSING
Progress: 2.0% | 100/5,000 | 1718 games/min | Stats: 0
Progress: 4.0% | 200/5,000 | 3434 games/min | Stats: 0
Progress: 6.0% | 300/5,000 | 5142 games/min | Stats: 0
Progress: 8.0% | 400/5,000 | 6835 games/min | Stats: 0
Progress: 10.0% | 500/5,000 | 8539 games/min | Stats: 0
Progress: 12.0% | 600/5,000 | 9695 games/min | Stats: 0
Progress: 14.0% | 700/5,000 | 11305 games/min | Stats: 0
Progress: 16.0% | 800/5,000 | 12913 games/min | Stats: 0
Progress: 18.0% | 900/5,000 | 14520 games/min | Stats: 0
Progress: 20.0% | 1,000/5,000 | 16124 games/min | Stats: 0
Progress: 22.0% | 1,100/5,000 | 17732 games/min | Stats: 0
Progress: 24.0% | 1,200/5,000 | 18499 games/min | Stats: 0
Progress: 26.0% | 1,300/5,000 | 20030 games/min | Stats: 0
Progress: 28.0% | 1,400/5,000 | 21555 games/min | Stats: 0
Progress: 30.0% | 1,500/5,000 | 23088 games/min | Stats: 0
Progress: 32.0% | 1,600/5,000 | 24615 games/min | Stats: 0
Progress: 34.0% | 1,700/5,000 | 25042 games/min | Stats: 0
Progress: 36.0% | 1,800/5,000 | 26496 games/min | Stats: 0
Progress: 38.0% | 1,900/5,000 | 27954 games/min | Stats: 0
Progress: 40.0% | 2,000/5,000 | 29347 games/min | Stats: 0
Progress: 42.0% | 2,100/5,000 | 30799 games/min | Stats: 0
Progress: 44.0% | 2,200/5,000 | 32258 games/min | Stats: 0
Progress: 46.0% | 2,300/5,000 | 32265 games/min | Stats: 0
Progress: 48.0% | 2,400/5,000 | 33652 games/min | Stats: 0
Progress: 50.0% | 2,500/5,000 | 35038 games/min | Stats: 0
Progress: 52.0% | 2,600/5,000 | 36423 games/min | Stats: 0
Progress: 54.0% | 2,700/5,000 | 37815 games/min | Stats: 0
Progress: 56.0% | 2,800/5,000 | 39197 games/min | Stats: 0
Progress: 58.0% | 2,900/5,000 | 38995 games/min | Stats: 0
Progress: 60.0% | 3,000/5,000 | 40313 games/min | Stats: 0
Progress: 62.0% | 3,100/5,000 | 41648 games/min | Stats: 0
Progress: 64.0% | 3,200/5,000 | 42981 games/min | Stats: 0
Progress: 66.0% | 3,300/5,000 | 44305 games/min | Stats: 0
Progress: 68.0% | 3,400/5,000 | 43842 games/min | Stats: 0
Progress: 70.0% | 3,500/5,000 | 45112 games/min | Stats: 0
Progress: 72.0% | 3,600/5,000 | 46381 games/min | Stats: 0
Progress: 74.0% | 3,700/5,000 | 47649 games/min | Stats: 0
Progress: 76.0% | 3,800/5,000 | 48916 games/min | Stats: 0
Progress: 78.0% | 3,900/5,000 | 50193 games/min | Stats: 0
Progress: 80.0% | 4,000/5,000 | 49617 games/min | Stats: 0
Progress: 82.0% | 4,100/5,000 | 50836 games/min | Stats: 0
Progress: 84.0% | 4,200/5,000 | 52055 games/min | Stats: 0
Progress: 86.0% | 4,300/5,000 | 53272 games/min | Stats: 0
Progress: 88.0% | 4,400/5,000 | 54500 games/min | Stats: 0
Progress: 90.0% | 4,500/5,000 | 55727 games/min | Stats: 0
Progress: 92.0% | 4,600/5,000 | 54947 games/min | Stats: 0
Progress: 94.0% | 4,700/5,000 | 56119 games/min | Stats: 0
Progress: 96.0% | 4,800/5,000 | 57290 games/min | Stats: 0
Progress: 98.0% | 4,900/5,000 | 58472 games/min | Stats: 0
Progress: 100.0% | 5,000/5,000 | 59654 games/min | Stats: 0
Progress: 100.0% | 5,000/5,000 | 41817 games/min | Stats: 45,000
Progress: 100.0% | 5,000/5,000 | 41817 games/min | Stats: 50,000
Progress: 100.0% | 5,000/5,000 | 41811 games/min | Stats: 55,000
Progress: 100.0% | 5,000/5,000 | 41794 games/min | Stats: 60,000
Progress: 100.0% | 5,000/5,000 | 41637 games/min | Stats: 65,000
Progress: 100.0% | 5,000/5,000 | 40214 games/min | Stats: 70,000
Progress: 100.0% | 5,000/5,000 | 39630 games/min | Stats: 75,000
Progress: 100.0% | 5,000/5,000 | 39364 games/min | Stats: 80,000

🏆 DR. LUCEY RESULTS:
============================================================
Games processed: 5,000
Stats created: 88,238
Players created: 384
Processing speed: 35256 games/minute
Runtime: 0.1 minutes
Compression ratio: 6:1
Errors: 0

📊 ACCURACY PROJECTION:
New coverage: 10.6%
Projected accuracy: 69.4%

⏱️  43,707 games remaining
ETA: 1 minutes to 100% coverage

🚀 COMPRESSION FIRST, SPEED ALWAYS!
