🏀 NCAA BASKETBALL STATS COLLECTOR (SMART)
=========================================

Found 1000 NCAA Basketball games to process

Processing batch 1/200...
Batch 1 complete: 0 logs inserted from 5 games
Total progress: 0 logs from 5 games

Processing batch 2/200...
Batch 2 complete: 0 logs inserted from 5 games
Total progress: 0 logs from 10 games

Processing batch 3/200...
Batch 3 complete: 0 logs inserted from 5 games
Total progress: 0 logs from 15 games

Processing batch 4/200...
Batch 4 complete: 0 logs inserted from 5 games
Total progress: 0 logs from 20 games

Processing batch 5/200...
Batch 5 complete: 0 logs inserted from 5 games
Total progress: 0 logs from 25 games

Processing batch 6/200...
Batch 6 complete: 0 logs inserted from 5 games
Total progress: 0 logs from 30 games

Processing batch 7/200...
Batch 7 complete: 0 logs inserted from 5 games
Total progress: 0 logs from 35 games

Processing batch 8/200...
Batch 8 complete: 0 logs inserted from 5 games
Total progress: 0 logs from 40 games

Processing batch 9/200...
Batch 9 complete: 0 logs inserted from 5 games
Total progress: 0 logs from 45 games

Processing batch 10/200...
Batch 10 complete: 0 logs inserted from 5 games
Total progress: 0 logs from 50 games

Processing batch 11/200...
Batch 11 complete: 0 logs inserted from 5 games
Total progress: 0 logs from 55 games

Processing batch 12/200...
Batch 12 complete: 0 logs inserted from 5 games
Total progress: 0 logs from 60 games

Processing batch 13/200...
Batch 13 complete: 0 logs inserted from 5 games
Total progress: 0 logs from 65 games

Processing batch 14/200...
Batch 14 complete: 0 logs inserted from 5 games
Total progress: 0 logs from 70 games

Processing batch 15/200...
Batch 15 complete: 0 logs inserted from 5 games
Total progress: 0 logs from 75 games

Processing batch 16/200...
Batch 16 complete: 0 logs inserted from 5 games
Total progress: 0 logs from 80 games

Processing batch 17/200...
Batch 17 complete: 0 logs inserted from 5 games
Total progress: 0 logs from 85 games

Processing batch 18/200...
Batch 18 complete: 0 logs inserted from 5 games
Total progress: 0 logs from 90 games

Processing batch 19/200...
Batch 19 complete: 0 logs inserted from 5 games
Total progress: 0 logs from 95 games

Processing batch 20/200...
Batch 20 complete: 0 logs inserted from 5 games
Total progress: 0 logs from 100 games

Processing batch 21/200...
Batch 21 complete: 0 logs inserted from 4 games
Total progress: 0 logs from 104 games

Processing batch 22/200...
Batch 22 complete: 0 logs inserted from 5 games
Total progress: 0 logs from 109 games

Processing batch 23/200...
Batch 23 complete: 0 logs inserted from 5 games
Total progress: 0 logs from 114 games

Processing batch 24/200...
Batch 24 complete: 0 logs inserted from 5 games
Total progress: 0 logs from 119 games

Processing batch 25/200...
Batch 25 complete: 0 logs inserted from 5 games
Total progress: 0 logs from 124 games

Processing batch 26/200...
Batch 26 complete: 0 logs inserted from 5 games
Total progress: 0 logs from 129 games

Processing batch 27/200...
Batch 27 complete: 0 logs inserted from 5 games
Total progress: 0 logs from 134 games

Processing batch 28/200...
Batch 28 complete: 0 logs inserted from 5 games
Total progress: 0 logs from 139 games

Processing batch 29/200...
Batch 29 complete: 0 logs inserted from 5 games
Total progress: 0 logs from 144 games

Processing batch 30/200...
Batch 30 complete: 0 logs inserted from 5 games
Total progress: 0 logs from 149 games

Processing batch 31/200...
Batch 31 complete: 0 logs inserted from 5 games
Total progress: 0 logs from 154 games

Processing batch 32/200...
Batch 32 complete: 0 logs inserted from 5 games
Total progress: 0 logs from 159 games

Processing batch 33/200...
Batch 33 complete: 0 logs inserted from 5 games
Total progress: 0 logs from 164 games

Processing batch 34/200...
Batch 34 complete: 0 logs inserted from 5 games
Total progress: 0 logs from 169 games

Processing batch 35/200...
Batch 35 complete: 0 logs inserted from 5 games
Total progress: 0 logs from 174 games

Processing batch 36/200...
Batch 36 complete: 0 logs inserted from 5 games
Total progress: 0 logs from 179 games

Processing batch 37/200...
Batch 37 complete: 0 logs inserted from 5 games
Total progress: 0 logs from 184 games

Processing batch 38/200...
Batch 38 complete: 0 logs inserted from 5 games
Total progress: 0 logs from 189 games

Processing batch 39/200...
Batch 39 complete: 0 logs inserted from 5 games
Total progress: 0 logs from 194 games

Processing batch 40/200...
Batch 40 complete: 0 logs inserted from 5 games
Total progress: 0 logs from 199 games

Processing batch 41/200...
Batch 41 complete: 0 logs inserted from 5 games
Total progress: 0 logs from 204 games

Processing batch 42/200...
Batch 42 complete: 0 logs inserted from 5 games
Total progress: 0 logs from 209 games

Processing batch 43/200...
Batch 43 complete: 0 logs inserted from 5 games
Total progress: 0 logs from 214 games

Processing batch 44/200...
Batch 44 complete: 0 logs inserted from 5 games
Total progress: 0 logs from 219 games

Processing batch 45/200...
Batch 45 complete: 0 logs inserted from 5 games
Total progress: 0 logs from 224 games

Processing batch 46/200...
Batch 46 complete: 0 logs inserted from 5 games
Total progress: 0 logs from 229 games

Processing batch 47/200...
Batch 47 complete: 0 logs inserted from 5 games
Total progress: 0 logs from 234 games

Processing batch 48/200...
Batch 48 complete: 0 logs inserted from 5 games
Total progress: 0 logs from 239 games

Processing batch 49/200...
Batch 49 complete: 0 logs inserted from 5 games
Total progress: 0 logs from 244 games

Processing batch 50/200...
Batch 50 complete: 0 logs inserted from 5 games
Total progress: 0 logs from 249 games

Processing batch 51/200...
Batch 51 complete: 0 logs inserted from 5 games
Total progress: 0 logs from 254 games

Processing batch 52/200...
Batch 52 complete: 0 logs inserted from 5 games
Total progress: 0 logs from 259 games

Processing batch 53/200...
Batch 53 complete: 0 logs inserted from 5 games
Total progress: 0 logs from 264 games

Processing batch 54/200...
Batch 54 complete: 0 logs inserted from 5 games
Total progress: 0 logs from 269 games

Processing batch 55/200...
Batch 55 complete: 0 logs inserted from 5 games
Total progress: 0 logs from 274 games

Processing batch 56/200...
Batch 56 complete: 0 logs inserted from 5 games
Total progress: 0 logs from 279 games

Processing batch 57/200...
Batch 57 complete: 0 logs inserted from 5 games
Total progress: 0 logs from 284 games

Processing batch 58/200...
Batch 58 complete: 0 logs inserted from 5 games
Total progress: 0 logs from 289 games

Processing batch 59/200...
Batch 59 complete: 0 logs inserted from 5 games
Total progress: 0 logs from 294 games

Processing batch 60/200...
Batch 60 complete: 0 logs inserted from 5 games
Total progress: 0 logs from 299 games

Processing batch 61/200...
Batch 61 complete: 0 logs inserted from 5 games
Total progress: 0 logs from 304 games

Processing batch 62/200...
Batch 62 complete: 0 logs inserted from 5 games
Total progress: 0 logs from 309 games

Processing batch 63/200...
Batch 63 complete: 0 logs inserted from 5 games
Total progress: 0 logs from 314 games

Processing batch 64/200...
Batch 64 complete: 0 logs inserted from 5 games
Total progress: 0 logs from 319 games

Processing batch 65/200...
Batch 65 complete: 0 logs inserted from 5 games
Total progress: 0 logs from 324 games

Processing batch 66/200...
Batch 66 complete: 0 logs inserted from 5 games
Total progress: 0 logs from 329 games

Processing batch 67/200...
Batch 67 complete: 0 logs inserted from 5 games
Total progress: 0 logs from 334 games

Processing batch 68/200...
Batch 68 complete: 0 logs inserted from 5 games
Total progress: 0 logs from 339 games

Processing batch 69/200...
Batch 69 complete: 0 logs inserted from 5 games
Total progress: 0 logs from 344 games

Processing batch 70/200...
Batch 70 complete: 0 logs inserted from 5 games
Total progress: 0 logs from 349 games

Processing batch 71/200...
Batch 71 complete: 0 logs inserted from 5 games
Total progress: 0 logs from 354 games

Processing batch 72/200...
Batch 72 complete: 0 logs inserted from 5 games
Total progress: 0 logs from 359 games

Processing batch 73/200...
Batch 73 complete: 0 logs inserted from 5 games
Total progress: 0 logs from 364 games

Processing batch 74/200...
Batch 74 complete: 0 logs inserted from 5 games
Total progress: 0 logs from 369 games

Processing batch 75/200...
Batch 75 complete: 0 logs inserted from 5 games
Total progress: 0 logs from 374 games

Processing batch 76/200...
Batch 76 complete: 0 logs inserted from 5 games
Total progress: 0 logs from 379 games

Processing batch 77/200...
Batch 77 complete: 0 logs inserted from 5 games
Total progress: 0 logs from 384 games

Processing batch 78/200...
Batch 78 complete: 0 logs inserted from 5 games
Total progress: 0 logs from 389 games

Processing batch 79/200...
Batch 79 complete: 0 logs inserted from 5 games
Total progress: 0 logs from 394 games

Processing batch 80/200...
Batch 80 complete: 0 logs inserted from 5 games
Total progress: 0 logs from 399 games

Processing batch 81/200...
Batch 81 complete: 0 logs inserted from 5 games
Total progress: 0 logs from 404 games

Processing batch 82/200...
Batch 82 complete: 0 logs inserted from 5 games
Total progress: 0 logs from 409 games

Processing batch 83/200...
Batch 83 complete: 0 logs inserted from 5 games
Total progress: 0 logs from 414 games

Processing batch 84/200...
Batch 84 complete: 0 logs inserted from 4 games
Total progress: 0 logs from 418 games

Processing batch 85/200...
Batch 85 complete: 0 logs inserted from 5 games
Total progress: 0 logs from 423 games

Processing batch 86/200...
Batch 86 complete: 0 logs inserted from 5 games
Total progress: 0 logs from 428 games

Processing batch 87/200...
Batch 87 complete: 0 logs inserted from 5 games
Total progress: 0 logs from 433 games

Processing batch 88/200...
Batch 88 complete: 0 logs inserted from 5 games
Total progress: 0 logs from 438 games

Processing batch 89/200...
Batch 89 complete: 0 logs inserted from 5 games
Total progress: 0 logs from 443 games

Processing batch 90/200...
Batch 90 complete: 0 logs inserted from 5 games
Total progress: 0 logs from 448 games

Processing batch 91/200...
Batch 91 complete: 0 logs inserted from 5 games
Total progress: 0 logs from 453 games

Processing batch 92/200...
Batch 92 complete: 0 logs inserted from 5 games
Total progress: 0 logs from 458 games

Processing batch 93/200...
Batch 93 complete: 0 logs inserted from 5 games
Total progress: 0 logs from 463 games

Processing batch 94/200...
Batch 94 complete: 0 logs inserted from 5 games
Total progress: 0 logs from 468 games

Processing batch 95/200...
Batch 95 complete: 0 logs inserted from 5 games
Total progress: 0 logs from 473 games

Processing batch 96/200...
Batch 96 complete: 0 logs inserted from 5 games
Total progress: 0 logs from 478 games

Processing batch 97/200...
Batch 97 complete: 0 logs inserted from 5 games
Total progress: 0 logs from 483 games

Processing batch 98/200...
Batch 98 complete: 0 logs inserted from 5 games
Total progress: 0 logs from 488 games

Processing batch 99/200...
