[32m[1m[22m[39m
[32m[1m🚀 Fantasy AI Service Orchestrator Starting...[22m[39m
[32m[1m[22m[39m
[33mStarting redis...[39m
[36m📊 Monitoring server running on http://localhost:4000[39m
[31mUncaught Exception:[39m Error: spawn redis-server ENOENT
    at __node_internal_captureLargerStackTrace (node:internal/errors:496:5)
    at __node_internal_errnoException (node:internal/errors:623:12)
    at ChildProcess._handle.onexit (node:internal/child_process:284:19)
    at onErrorNT (node:internal/child_process:477:16)
    at process.processTicksAndRejections (node:internal/process/task_queues:82:21) {
  errno: -2,
  code: 'ENOENT',
  syscall: 'spawn redis-server',
  path: 'redis-server',
  spawnargs: [ '--maxmemory', '4gb', '--maxmemory-policy', 'allkeys-lru' ]
}
[33m[39m
[33m🛑 Shutting down services...[39m
[33mStopping redis...[39m
[32m✅ All services stopped[39m
