2025-07-02 14:30:11.427709: I tensorflow/core/util/util.cc:169] oneDNN custom operations are on. You may see slightly different numerical results due to floating-point round-off errors from different computation orders. To turn them off, set the environment variable `TF_ENABLE_ONEDNN_OPTS=0`.
2025-07-02 14:30:11.431053: W tensorflow/stream_executor/platform/default/dso_loader.cc:64] Could not load dynamic library 'libcudart.so.11.0'; dlerror: libcudart.so.11.0: cannot open shared object file: No such file or directory; LD_LIBRARY_PATH: /usr/local/cuda-11.8/lib64:
2025-07-02 14:30:11.431095: I tensorflow/stream_executor/cuda/cudart_stub.cc:29] Ignore above cudart dlerror if you do not have a GPU set up on your machine.
2025-07-02 14:30:11.456737: I tensorflow/core/platform/cpu_feature_guard.cc:193] This TensorFlow binary is optimized with oneAPI Deep Neural Network Library (oneDNN) to use the following CPU instructions in performance-critical operations:  AVX2 AVX512F AVX512_VNNI AVX512_BF16 FMA
To enable them in other operations, rebuild TensorFlow with the appropriate compiler flags.
2025-07-02 14:30:11.494674: I tensorflow/stream_executor/cuda/cuda_gpu_executor.cc:961] could not open file to read NUMA node: /sys/bus/pci/devices/0000:01:00.0/numa_node
Your kernel may have been built without NUMA support.
2025-07-02 14:30:11.495932: W tensorflow/stream_executor/platform/default/dso_loader.cc:64] Could not load dynamic library 'libcudart.so.11.0'; dlerror: libcudart.so.11.0: cannot open shared object file: No such file or directory; LD_LIBRARY_PATH: /usr/local/cuda-11.8/lib64:
2025-07-02 14:30:11.497076: W tensorflow/stream_executor/platform/default/dso_loader.cc:64] Could not load dynamic library 'libcublas.so.11'; dlerror: libcublas.so.11: cannot open shared object file: No such file or directory; LD_LIBRARY_PATH: /usr/local/cuda-11.8/lib64:
2025-07-02 14:30:11.497994: W tensorflow/stream_executor/platform/default/dso_loader.cc:64] Could not load dynamic library 'libcublasLt.so.11'; dlerror: libcublasLt.so.11: cannot open shared object file: No such file or directory; LD_LIBRARY_PATH: /usr/local/cuda-11.8/lib64:
2025-07-02 14:30:11.498866: W tensorflow/stream_executor/platform/default/dso_loader.cc:64] Could not load dynamic library 'libcufft.so.10'; dlerror: libcufft.so.10: cannot open shared object file: No such file or directory; LD_LIBRARY_PATH: /usr/local/cuda-11.8/lib64:
2025-07-02 14:30:11.499844: W tensorflow/stream_executor/platform/default/dso_loader.cc:64] Could not load dynamic library 'libcurand.so.10'; dlerror: libcurand.so.10: cannot open shared object file: No such file or directory; LD_LIBRARY_PATH: /usr/local/cuda-11.8/lib64:
2025-07-02 14:30:11.500856: W tensorflow/stream_executor/platform/default/dso_loader.cc:64] Could not load dynamic library 'libcusolver.so.11'; dlerror: libcusolver.so.11: cannot open shared object file: No such file or directory; LD_LIBRARY_PATH: /usr/local/cuda-11.8/lib64:
2025-07-02 14:30:11.501692: W tensorflow/stream_executor/platform/default/dso_loader.cc:64] Could not load dynamic library 'libcusparse.so.11'; dlerror: libcusparse.so.11: cannot open shared object file: No such file or directory; LD_LIBRARY_PATH: /usr/local/cuda-11.8/lib64:
2025-07-02 14:30:11.502805: W tensorflow/stream_executor/platform/default/dso_loader.cc:64] Could not load dynamic library 'libcudnn.so.8'; dlerror: libcudnn.so.8: cannot open shared object file: No such file or directory; LD_LIBRARY_PATH: /usr/local/cuda-11.8/lib64:
2025-07-02 14:30:11.502833: W tensorflow/core/common_runtime/gpu/gpu_device.cc:1850] Cannot dlopen some GPU libraries. Please make sure the missing libraries mentioned above are installed properly if you would like to use GPU. Follow the guide at https://www.tensorflow.org/install/gpu for how to download and setup the required libraries for your platform.
Skipping registering GPU devices...

🚀 PRODUCTION ML TRAINING - USING ALL DATA

📊 Loading ALL available data...
✅ Loaded 47841 games
✅ Loaded 8858 player stats
✅ Loaded 129 injury records
✅ Loaded 800 weather records
✅ Loaded null news articles for sentiment
✅ Loaded 1000 social sentiment records

🔧 Building comprehensive feature matrix...
RangeError: Invalid time value
    at Date.toISOString (<anonymous>)
    at <anonymous> (/mnt/c/Users/st0ne/Hey Fantasy/fantasy-ai-ultimate/scripts/train-production-ml-all-data.ts:111:47)
    at Array.forEach (<anonymous>)
    at trainProductionModel (/mnt/c/Users/st0ne/Hey Fantasy/fantasy-ai-ultimate/scripts/train-production-ml-all-data.ts:110:13)
    at process.processTicksAndRejections (node:internal/process/task_queues:95:5)
