🔥 UNIFIED PATTERN API - ALL THE SAUCE!
Combining ALL pattern systems for maximum edge
================================================================================

📊 Loaded Pattern Systems:
  Ultimate Patterns: 8 patterns (avg ROI +31.8%)
  Mega Patterns: 10 patterns (avg ROI +20.4%)
  Quantum Patterns: 6 patterns (avg ROI +73.6%)
  TOTAL: 24 patterns across all dimensions!

✅ Unified Pattern API running on port 3336
Endpoints:
  GET  /health
  POST /api/unified/analyze
  GET  /api/unified/scan
  GET  /api/unified/top-plays
  GET  /api/unified/stats
  GET  /api/unified/live

💰 UNIFIED SAUCE READY!
Average ROI across all patterns: +41.9%
Best single pattern: Fatigue Cascade (+92.3%)
Total patterns available: 24

🚀 START PRINTING MONEY WITH ALL PATTERNS!
