2025-07-01 16:40:39.330468: I tensorflow/core/util/util.cc:169] oneDNN custom operations are on. You may see slightly different numerical results due to floating-point round-off errors from different computation orders. To turn them off, set the environment variable `TF_ENABLE_ONEDNN_OPTS=0`.
2025-07-01 16:40:41.354948: I tensorflow/core/platform/cpu_feature_guard.cc:193] This TensorFlow binary is optimized with oneAPI Deep Neural Network Library (oneDNN) to use the following CPU instructions in performance-critical operations:  AVX2 AVX512F AVX512_VNNI AVX512_BF16 FMA
To enable them in other operations, rebuild TensorFlow with the appropriate compiler flags.
📚 Loading historical data...

Loaded 1000 games...
Loaded 2000 games...
Loaded 3000 games...
Loaded 4000 games...
Loaded 5000 games...
Loaded 6000 games...
Loaded 7000 games...
Loaded 8000 games...
Loaded 9000 games...
Loaded 10000 games...
Loaded 11000 games...
Loaded 12000 games...
Loaded 13000 games...
Loaded 14000 games...
Loaded 15000 games...
Loaded 16000 games...
Loaded 17000 games...
Loaded 18000 games...
Loaded 19000 games...
Loaded 20000 games...
Loaded 21000 games...
Loaded 22000 games...
Loaded 23000 games...
Loaded 24000 games...
Loaded 25000 games...
Loaded 26000 games...
Loaded 27000 games...
Loaded 28000 games...
Loaded 29000 games...
Loaded 30000 games...
Loaded 31000 games...
Loaded 32000 games...
Loaded 33000 games...
Loaded 34000 games...
Loaded 35000 games...
Loaded 36000 games...
Loaded 37000 games...
Loaded 38000 games...
Loaded 39000 games...
Loaded 40000 games...
Loaded 41000 games...
Loaded 42000 games...
Loaded 43000 games...
Loaded 44000 games...
Loaded 45000 games...
Loaded 46000 games...
Loaded 47000 games...
Loaded 48000 games...
Loaded 49000 games...
Loaded 49088 games...

✅ Loaded 49088 historical games!

🔧 Extracting features from games...

Processed 1000 games...
Processed 2000 games...
Processed 3000 games...
Processed 4000 games...
Processed 5000 games...
Processed 6000 games...
Processed 7000 games...
Processed 8000 games...
Processed 9000 games...
Processed 10000 games...
Processed 11000 games...
Processed 12000 games...
Processed 13000 games...
Processed 14000 games...
Processed 15000 games...
