2025-07-03 15:01:30.657639: I tensorflow/core/util/util.cc:169] oneDNN custom operations are on. You may see slightly different numerical results due to floating-point round-off errors from different computation orders. To turn them off, set the environment variable `TF_ENABLE_ONEDNN_OPTS=0`.
2025-07-03 15:01:32.010655: I tensorflow/core/platform/cpu_feature_guard.cc:193] This TensorFlow binary is optimized with oneAPI Deep Neural Network Library (oneDNN) to use the following CPU instructions in performance-critical operations:  AVX2 AVX512F AVX512_VNNI AVX512_BF16 FMA
To enable them in other operations, rebuild TensorFlow with the appropriate compiler flags.

🎯 PRODUCTION PREDICTION SERVICE
==================================================
Loading ML models...
Loading ensemble models...
✅ Neural network loaded from /mnt/c/Users/st0ne/Hey Fantasy/fantasy-ai-ultimate/models/production_ensemble_v2/neural_network/model.json
⚠️  Random forest not found, will use neural network only
✅ Ensemble models loaded

🔮 Making predictions for upcoming games...
Found 133 upcoming games
  Processing game 3183760...
  Extracting features for game 3183760...
  Making prediction for game 3183760...
  Processing game 3029450...
  Extracting features for game 3029450...
  Making prediction for game 3029450...
  Processing game 3008660...
  Extracting features for game 3008660...
  Making prediction for game 3008660...
  Processing game 3045008...
  Extracting features for game 3045008...
  Making prediction for game 3045008...
  Processing game 3081287...
  Extracting features for game 3081287...
  Making prediction for game 3081287...
  Processing game 3038390...
  Extracting features for game 3038390...
  Making prediction for game 3038390...
  Processing game 3031107...
  Extracting features for game 3031107...
  Making prediction for game 3031107...
  Processing game 3012876...
  Extracting features for game 3012876...
  Making prediction for game 3012876...
  Processing game 3061441...
  Extracting features for game 3061441...
  Making prediction for game 3061441...
  Processing game 3054911...
  Extracting features for game 3054911...
  Making prediction for game 3054911...
  Processing game 3054300...
  Extracting features for game 3054300...
  Making prediction for game 3054300...
  Processing game 3001354...
  Extracting features for game 3001354...
  Making prediction for game 3001354...
  Processing game 3002342...
  Extracting features for game 3002342...
  Making prediction for game 3002342...
  Processing game 3003303...
  Extracting features for game 3003303...
  Making prediction for game 3003303...
  Processing game 3032289...
  Extracting features for game 3032289...
  Making prediction for game 3032289...
  Processing game 3010780...
  Extracting features for game 3010780...
  Making prediction for game 3010780...
  Processing game 3012621...
  Extracting features for game 3012621...
  Making prediction for game 3012621...
  Processing game 3007302...
  Extracting features for game 3007302...
  Making prediction for game 3007302...
  Processing game 3048871...
  Extracting features for game 3048871...
  Making prediction for game 3048871...
  Processing game 3183761...
  Extracting features for game 3183761...
  Making prediction for game 3183761...
  Processing game 3015206...
  Extracting features for game 3015206...
  Making prediction for game 3015206...
  Processing game 3183763...
  Extracting features for game 3183763...
  Making prediction for game 3183763...
  Processing game 3183762...
  Extracting features for game 3183762...
  Making prediction for game 3183762...
  Processing game 3002606...
  Extracting features for game 3002606...
  Making prediction for game 3002606...
  Processing game 3183764...
  Extracting features for game 3183764...
  Making prediction for game 3183764...
  Processing game 3038886...
  Extracting features for game 3038886...
  Making prediction for game 3038886...
  Processing game 3006726...
  Extracting features for game 3006726...
  Making prediction for game 3006726...
  Processing game 3070511...
  Extracting features for game 3070511...
  Making prediction for game 3070511...
  Processing game 3040158...
  Extracting features for game 3040158...
  Making prediction for game 3040158...
  Processing game 3183765...
  Extracting features for game 3183765...
  Making prediction for game 3183765...
  Processing game 3091911...
  Extracting features for game 3091911...
  Making prediction for game 3091911...
  Processing game 3040212...
  Extracting features for game 3040212...
  Making prediction for game 3040212...
  Processing game 3048596...
  Extracting features for game 3048596...
  Making prediction for game 3048596...
  Processing game 3057390...
  Extracting features for game 3057390...
  Making prediction for game 3057390...
  Processing game 3074869...
  Extracting features for game 3074869...
  Making prediction for game 3074869...
  Processing game 3000448...
  Extracting features for game 3000448...
  Making prediction for game 3000448...
  Processing game 3064873...
  Extracting features for game 3064873...
  Making prediction for game 3064873...
  Processing game 3018311...
  Extracting features for game 3018311...
  Making prediction for game 3018311...
  Processing game 3075820...
  Extracting features for game 3075820...
  Making prediction for game 3075820...
  Processing game 3088056...
  Extracting features for game 3088056...
  Making prediction for game 3088056...
  Processing game 3045991...
  Extracting features for game 3045991...
  Making prediction for game 3045991...
  Processing game 3183766...
  Extracting features for game 3183766...
  Making prediction for game 3183766...
  Processing game 3008542...
  Extracting features for game 3008542...
  Making prediction for game 3008542...
  Processing game 3066930...
  Extracting features for game 3066930...
  Making prediction for game 3066930...
  Processing game 3045378...
  Extracting features for game 3045378...
  Making prediction for game 3045378...
  Processing game 3183768...
  Extracting features for game 3183768...
  Making prediction for game 3183768...
  Processing game 3183767...
  Extracting features for game 3183767...
  Making prediction for game 3183767...
  Processing game 3004693...
  Extracting features for game 3004693...
  Making prediction for game 3004693...
  Processing game 3001271...
  Extracting features for game 3001271...
  Making prediction for game 3001271...
  Processing game 3004368...
  Extracting features for game 3004368...
  Making prediction for game 3004368...
  Processing game 3026754...
  Extracting features for game 3026754...
  Making prediction for game 3026754...
  Processing game 3003406...
  Extracting features for game 3003406...
  Making prediction for game 3003406...
  Processing game 3066166...
  Extracting features for game 3066166...
  Making prediction for game 3066166...
  Processing game 3021068...
  Extracting features for game 3021068...
  Making prediction for game 3021068...
  Processing game 3060406...
  Extracting features for game 3060406...
  Making prediction for game 3060406...
  Processing game 3052088...
  Extracting features for game 3052088...
  Making prediction for game 3052088...
  Processing game 3003831...
  Extracting features for game 3003831...
  Making prediction for game 3003831...
  Processing game 3042301...
  Extracting features for game 3042301...
  Making prediction for game 3042301...
  Processing game 3003952...
  Extracting features for game 3003952...
  Making prediction for game 3003952...
  Processing game 3024831...
  Extracting features for game 3024831...
  Making prediction for game 3024831...
  Processing game 3048334...
  Extracting features for game 3048334...
  Making prediction for game 3048334...
  Processing game 3047443...
  Extracting features for game 3047443...
  Making prediction for game 3047443...
  Processing game 3047874...
  Extracting features for game 3047874...
  Making prediction for game 3047874...
  Processing game 3000900...
  Extracting features for game 3000900...
  Making prediction for game 3000900...
  Processing game 3000730...
  Extracting features for game 3000730...
  Making prediction for game 3000730...
  Processing game 3053471...
  Extracting features for game 3053471...
  Making prediction for game 3053471...
  Processing game 3050975...
  Extracting features for game 3050975...
  Making prediction for game 3050975...
  Processing game 3081571...
  Extracting features for game 3081571...
  Making prediction for game 3081571...
  Processing game 3003980...
  Extracting features for game 3003980...
  Making prediction for game 3003980...
  Processing game 3080399...
  Extracting features for game 3080399...
  Making prediction for game 3080399...
  Processing game 3037394...
  Extracting features for game 3037394...
  Making prediction for game 3037394...
  Processing game 3086426...
  Extracting features for game 3086426...
  Making prediction for game 3086426...
  Processing game 3055778...
  Extracting features for game 3055778...
  Making prediction for game 3055778...
  Processing game 3045206...
  Extracting features for game 3045206...
  Making prediction for game 3045206...
  Processing game 3003596...
  Extracting features for game 3003596...
  Making prediction for game 3003596...
  Processing game 3078997...
  Extracting features for game 3078997...
  Making prediction for game 3078997...
  Processing game 3065665...
  Extracting features for game 3065665...
  Making prediction for game 3065665...
  Processing game 3074091...
  Extracting features for game 3074091...
  Making prediction for game 3074091...
  Processing game 3086362...
  Extracting features for game 3086362...
  Making prediction for game 3086362...
  Processing game 3003407...
  Extracting features for game 3003407...
  Making prediction for game 3003407...
  Processing game 3042831...
  Extracting features for game 3042831...
  Making prediction for game 3042831...
  Processing game 3074616...
  Extracting features for game 3074616...
  Making prediction for game 3074616...
  Processing game 3003555...
  Extracting features for game 3003555...
  Making prediction for game 3003555...
  Processing game 3072489...
  Extracting features for game 3072489...
  Making prediction for game 3072489...
  Processing game 3075548...
  Extracting features for game 3075548...
  Making prediction for game 3075548...
  Processing game 3076356...
  Extracting features for game 3076356...
  Making prediction for game 3076356...
  Processing game 3003598...
  Extracting features for game 3003598...
  Making prediction for game 3003598...
  Processing game 3021366...
  Extracting features for game 3021366...
  Making prediction for game 3021366...
  Processing game 3070989...
  Extracting features for game 3070989...
  Making prediction for game 3070989...
  Processing game 3003018...
  Extracting features for game 3003018...
  Making prediction for game 3003018...
  Processing game 3003155...
  Extracting features for game 3003155...
  Making prediction for game 3003155...
  Processing game 3036192...
  Extracting features for game 3036192...
  Making prediction for game 3036192...
  Processing game 3004958...
  Extracting features for game 3004958...
  Making prediction for game 3004958...
  Processing game 3089355...
  Extracting features for game 3089355...
  Making prediction for game 3089355...
  Processing game 3032441...
  Extracting features for game 3032441...
  Making prediction for game 3032441...
  Processing game 3052333...
  Extracting features for game 3052333...
  Making prediction for game 3052333...
  Processing game 3081924...
  Extracting features for game 3081924...
  Making prediction for game 3081924...
  Processing game 3036145...
  Extracting features for game 3036145...
  Making prediction for game 3036145...
  Processing game 3003188...
  Extracting features for game 3003188...
  Making prediction for game 3003188...
  Processing game 3061619...
  Extracting features for game 3061619...
  Making prediction for game 3061619...
  Processing game 3003230...
  Extracting features for game 3003230...
  Making prediction for game 3003230...
  Processing game 3013501...
  Extracting features for game 3013501...
  Making prediction for game 3013501...
  Processing game 3004330...
  Extracting features for game 3004330...
  Making prediction for game 3004330...
  Processing game 3023428...
  Extracting features for game 3023428...
  Making prediction for game 3023428...
  Processing game 3089021...
  Extracting features for game 3089021...
  Making prediction for game 3089021...
  Processing game 3017424...
  Extracting features for game 3017424...
  Making prediction for game 3017424...
  Processing game 3003100...
  Extracting features for game 3003100...
  Making prediction for game 3003100...
  Processing game 3085934...
  Extracting features for game 3085934...
  Making prediction for game 3085934...
  Processing game 3074201...
  Extracting features for game 3074201...
  Making prediction for game 3074201...
  Processing game 3055882...
  Extracting features for game 3055882...
  Making prediction for game 3055882...
  Processing game 3015960...
  Extracting features for game 3015960...
  Making prediction for game 3015960...
  Processing game 3004736...
  Extracting features for game 3004736...
  Making prediction for game 3004736...
  Processing game 3056374...
  Extracting features for game 3056374...
  Making prediction for game 3056374...
  Processing game 3080871...
  Extracting features for game 3080871...
  Making prediction for game 3080871...
  Processing game 3076043...
  Extracting features for game 3076043...
  Making prediction for game 3076043...
  Processing game 3090906...
  Extracting features for game 3090906...
  Making prediction for game 3090906...
  Processing game 3001917...
  Extracting features for game 3001917...
  Making prediction for game 3001917...
  Processing game 3082650...
  Extracting features for game 3082650...
  Making prediction for game 3082650...
  Processing game 3032455...
  Extracting features for game 3032455...
  Making prediction for game 3032455...
  Processing game 3035727...
  Extracting features for game 3035727...
  Making prediction for game 3035727...
  Processing game 3051714...
  Extracting features for game 3051714...
  Making prediction for game 3051714...
  Processing game 3032215...
  Extracting features for game 3032215...
  Making prediction for game 3032215...
  Processing game 3044752...
  Extracting features for game 3044752...
  Making prediction for game 3044752...
  Processing game 3035398...
  Extracting features for game 3035398...
  Making prediction for game 3035398...
  Processing game 3051555...
  Extracting features for game 3051555...
  Making prediction for game 3051555...
  Processing game 3054718...
  Extracting features for game 3054718...
  Making prediction for game 3054718...
  Processing game 3034949...
  Extracting features for game 3034949...
  Making prediction for game 3034949...
  Processing game 3003294...
  Extracting features for game 3003294...
  Making prediction for game 3003294...
  Processing game 3064490...
  Extracting features for game 3064490...
  Making prediction for game 3064490...
  Processing game 3051867...
  Extracting features for game 3051867...
  Making prediction for game 3051867...
  Processing game 3073440...
  Extracting features for game 3073440...
  Making prediction for game 3073440...
  Processing game 3001699...
  Extracting features for game 3001699...
  Making prediction for game 3001699...
  Processing game 3088331...
  Extracting features for game 3088331...
  Making prediction for game 3088331...

⏰ Scheduling prediction tasks...

✅ Production Prediction Service is running!
Press Ctrl+C to stop

📊 PREDICTION SERVICE STATS
==============================
Runtime: 0h 3m 26s
Total Predictions: 0
Rate: 0.0 predictions/hour

📊 PREDICTION SERVICE STATS
==============================
Runtime: 0h 8m 26s
Total Predictions: 0
Rate: 0.0 predictions/hour
