2025-07-03 14:53:44.452124: I tensorflow/core/util/util.cc:169] oneDNN custom operations are on. You may see slightly different numerical results due to floating-point round-off errors from different computation orders. To turn them off, set the environment variable `TF_ENABLE_ONEDNN_OPTS=0`.
2025-07-03 14:53:45.654863: I tensorflow/core/platform/cpu_feature_guard.cc:193] This TensorFlow binary is optimized with oneAPI Deep Neural Network Library (oneDNN) to use the following CPU instructions in performance-critical operations:  AVX2 AVX512F AVX512_VNNI AVX512_BF16 FMA
To enable them in other operations, rebuild TensorFlow with the appropriate compiler flags.

🎯 PRODUCTION PREDICTION SERVICE
==================================================
Loading ML models...
Loading ensemble models...
✅ Neural network loaded from /mnt/c/Users/st0ne/Hey Fantasy/fantasy-ai-ultimate/models/production_ensemble_v2/neural_network/model.json
⚠️  Random forest not found, will use neural network only
✅ Ensemble models loaded

🔮 Making predictions for upcoming games...
Found 133 upcoming games
  Processing game 3183760...
  Extracting features for game 3183760...
  Making prediction for game 3183760...
  Processing game 3029450...
  Extracting features for game 3029450...
  Making prediction for game 3029450...
  Processing game 3008660...
  Extracting features for game 3008660...
  Making prediction for game 3008660...
  Processing game 3045008...
  Extracting features for game 3045008...
  Making prediction for game 3045008...
  Processing game 3081287...
  Extracting features for game 3081287...
  Making prediction for game 3081287...
  Processing game 3038390...
  Extracting features for game 3038390...
